2025-04-04 09:13:11.372289 - Received CBT.V508.FILE405.PDS from FILE405.XMI 
2025-04-04 09:13:11.373433 - Found $$$#DATE.txt (text/plain) in CBT.V508.FILE405.PDS, moved to PDS/$$$#DATE
2025-04-04 09:13:11.373587 - Found ###TEXT.txt (text/plain) in CBT.V508.FILE405.PDS, moved to PDS/###TEXT
2025-04-04 09:13:11.373724 - Found ##DOC.txt (text/plain) in CBT.V508.FILE405.PDS, moved to PDS/##DOC
2025-04-04 09:13:11.373880 - Found #DIE.bin (application/octet-stream) in CBT.V508.FILE405.PDS, moved to PDS/#DIE
2025-04-04 09:13:11.374008 - Found #ENTER.txt (text/plain) in CBT.V508.FILE405.PDS, moved to PDS/#ENTER
2025-04-04 09:13:11.374137 - Found #PUT.txt (text/plain) in CBT.V508.FILE405.PDS, moved to PDS/#PUT
2025-04-04 09:13:11.374265 - Found #REGS.txt (text/plain) in CBT.V508.FILE405.PDS, moved to PDS/#REGS
2025-04-04 09:13:11.374633 - Found #SORT.txt (text/plain) in CBT.V508.FILE405.PDS, moved to PDS/#SORT
2025-04-04 09:13:11.374781 - Found #TEST.bin (application/octet-stream) in CBT.V508.FILE405.PDS, moved to PDS/#TEST
2025-04-04 09:13:11.374914 - Found @FILE405.txt (text/plain) in CBT.V508.FILE405.PDS, moved to PDS/@FILE405
2025-04-04 09:13:11.375035 - Found CHKPOINT.txt (text/plain) in CBT.V508.FILE405.PDS, moved to PDS/CHKPOINT
2025-04-04 09:13:11.375159 - Found CMD1.txt (text/plain) in CBT.V508.FILE405.PDS, moved to PDS/CMD1
2025-04-04 09:13:11.375280 - Found DLACMD00.jcl (text/plain) in CBT.V508.FILE405.PDS, moved to PDS/DLACMD00
2025-04-04 09:13:11.375421 - Found DLASIP00.jcl (text/plain) in CBT.V508.FILE405.PDS, moved to PDS/DLASIP00
2025-04-04 09:13:11.375632 - Found DSACCVTV.txt (text/plain) in CBT.V508.FILE405.PDS, moved to PDS/DSACCVTV
2025-04-04 09:13:11.375759 - Found DSACTASK.jcl (text/plain) in CBT.V508.FILE405.PDS, moved to PDS/DSACTASK
2025-04-04 09:13:11.375947 - Found DYNABLDL.jcl (text/plain) in CBT.V508.FILE405.PDS, moved to PDS/DYNABLDL
2025-04-04 09:13:11.376061 - Found FCB.txt (text/plain) in CBT.V508.FILE405.PDS, moved to PDS/FCB
2025-04-04 09:13:11.376183 - Found FCBPROC.txt (text/plain) in CBT.V508.FILE405.PDS, moved to PDS/FCBPROC
2025-04-04 09:13:11.376319 - Found FCBSCAN.txt (text/plain) in CBT.V508.FILE405.PDS, moved to PDS/FCBSCAN
2025-04-04 09:13:11.376467 - Found IEAPPNIP.txt (text/plain) in CBT.V508.FILE405.PDS, moved to PDS/IEAPPNIP
2025-04-04 09:13:11.376582 - Found IEAVNP99.jcl (text/plain) in CBT.V508.FILE405.PDS, moved to PDS/IEAVNP99
2025-04-04 09:13:11.376725 - Found IEECVENT.txt (text/plain) in CBT.V508.FILE405.PDS, moved to PDS/IEECVENT
2025-04-04 09:13:11.376849 - Found IEECVUSR.txt (text/plain) in CBT.V508.FILE405.PDS, moved to PDS/IEECVUSR
2025-04-04 09:13:11.376965 - Found IEECVXIT.jcl (text/plain) in CBT.V508.FILE405.PDS, moved to PDS/IEECVXIT
2025-04-04 09:13:11.377095 - Found IEFDB401.jcl (text/plain) in CBT.V508.FILE405.PDS, moved to PDS/IEFDB401
2025-04-04 09:13:11.377230 - Found IEFZBMAP.txt (text/plain) in CBT.V508.FILE405.PDS, moved to PDS/IEFZBMAP
2025-04-04 09:13:11.377349 - Found IHAIQE.txt (text/plain) in CBT.V508.FILE405.PDS, moved to PDS/IHAIQE
2025-04-04 09:13:11.377464 - Found IHANVT.txt (text/plain) in CBT.V508.FILE405.PDS, moved to PDS/IHANVT
2025-04-04 09:13:11.377590 - Found IHASVC.txt (text/plain) in CBT.V508.FILE405.PDS, moved to PDS/IHASVC
2025-04-04 09:13:11.377714 - Found IND$DAIR.jcl (text/plain) in CBT.V508.FILE405.PDS, moved to PDS/IND$DAIR
2025-04-04 09:13:11.377840 - Found JCLIN.txt (text/plain) in CBT.V508.FILE405.PDS, moved to PDS/JCLIN
2025-04-04 09:13:11.377976 - Found NIPDPMLB.txt (text/plain) in CBT.V508.FILE405.PDS, moved to PDS/NIPDPMLB
2025-04-04 09:13:11.378093 - Found PLIBSMF0.jcl (text/plain) in CBT.V508.FILE405.PDS, moved to PDS/PLIBSMF0
2025-04-04 09:13:11.378219 - Found REQUESTR.txt (text/plain) in CBT.V508.FILE405.PDS, moved to PDS/REQUESTR
2025-04-04 09:13:11.378337 - Found RESOURCE.txt (text/plain) in CBT.V508.FILE405.PDS, moved to PDS/RESOURCE
2025-04-04 09:13:11.378463 - Found SMPFUNC.bin (application/octet-stream) in CBT.V508.FILE405.PDS, moved to PDS/SMPFUNC
2025-04-04 09:13:11.378585 - Found ZAPNIP.txt (text/plain) in CBT.V508.FILE405.PDS, moved to PDS/ZAPNIP
2025-04-04 09:13:11.378711 - Found ZAPWTO.txt (text/plain) in CBT.V508.FILE405.PDS, moved to PDS/ZAPWTO
